<?xml version="1.0" encoding="UTF-8" ?>
<testsuite tests="37" failures="0" name="ro.sapientia.mesteri2015.SCRUMTest" time="32.013" errors="1" skipped="0">
  <properties>
[...]
</properties>
  <testcase classname="Scenario: Add invalid acceptance criteria" name="Given I have a story added" time="0.007"/>
  <testcase classname="Scenario: Add invalid acceptance criteria" name="And I go to the story View page" time="0"/>
  <testcase classname="Scenario: Add invalid acceptance criteria" name="When I add an acceptance criteria with &quot;title1&quot; and with &quot;an invalid criteria&quot;" time="0"/>
  <testcase classname="Scenario: Add invalid acceptance criteria" name="Then it should fail with a validation error" time="0"/>
  <testcase classname="Scenario: Add invalid acceptance criteria" name="Scenario: Add invalid acceptance criteria" time="2.604"/>
  <testcase classname="Scenario: Add acceptance criteria" name="Given I have a story added" time="0"/>
  <testcase classname="Scenario: Add acceptance criteria" name="And I go to the story View page" time="0"/>
  <testcase classname="Scenario: Add acceptance criteria" name="When I add an acceptance criteria with &quot;title1&quot; and with &quot;Feature: test&quot;" time="0"/>
  <testcase classname="Scenario: Add acceptance criteria" name="Then it should show the criteria titled &quot;title1&quot; successfully" time="0"/>
  <testcase classname="Scenario: Add acceptance criteria" name="Scenario: Add acceptance criteria" time="11.176"/>
  <testcase classname="Scenario: Update criteria" name="Given I have a story added" time="0"/>
  <testcase classname="Scenario: Update criteria" name="And I go to the story View page" time="0"/>
  <testcase classname="Scenario: Update criteria" name="And the story has a criteria and I view it" time="0"/>
  <testcase classname="Scenario: Update criteria" name="When I delete the acceptance criteria" time="0"/>
  <testcase classname="Scenario: Update criteria" name="Then it should return to the story" time="0"/>
  <testcase classname="Scenario: Update criteria" name="And it should be one criteria missing" time="0"/>
  <testcase classname="Scenario: Update criteria" name="Scenario: Update criteria" time="2.421"/>
  <testcase classname="Scenario: Update criteria" name="Given I have a story added" time="0"/>
  <testcase classname="Scenario: Update criteria" name="And I go to the story View page" time="0"/>
  <testcase classname="Scenario: Update criteria" name="And the story has a criteria and I view it" time="0"/>
  <testcase classname="Scenario: Update criteria" name="When I update the acceptance criteria with &quot;title2&quot; and with &quot;Feature: updated criteria&quot;" time="0"/>
  <testcase classname="Scenario: Update criteria" name="Then it should show the criteria titled &quot;title2&quot; successfully" time="0"/>
  <testcase classname="Scenario: Update criteria" name="Scenario: Update criteria" time="2.239"/>
  <testcase classname="Scenario: View acceptance criteria" name="Given I have a story added" time="0"/>
  <testcase classname="Scenario: View acceptance criteria" name="And I go to the story View page" time="0"/>
  <testcase classname="Scenario: View acceptance criteria" name="When I add an acceptance criteria with &quot;title1&quot; and with" time="0"/>
  <testcase classname="Scenario: View acceptance criteria" name="Then it should highlight the keywords" time="0"/>
  <testcase classname="Scenario: View acceptance criteria" name="And indent rows in the criteria" time="0"/>
  <testcase classname="Scenario: View acceptance criteria" name="Scenario: View acceptance criteria" time="2.2"/>
  <testcase classname="Scenario: UpdateFirst" name="Given I edit the scrum list&apos;s first story" time="0"/>
  <testcase classname="Scenario: UpdateFirst" name="When I enter &quot;updatefirstnew&quot; in  the title textbox and I push the update button" time="0"/>
  <testcase classname="Scenario: UpdateFirst" name="Then I should get result &quot;updatefirstnew&quot; in new stories list" time="0"/>
  <testcase classname="Scenario: UpdateFirst" name="Scenario: UpdateFirst" time="5.9">
    <error message="Error communicating with the remote browser. It may have died.
Build info: version: &apos;2.45.0&apos;, revision: &apos;5017cb8e7ca8e37638dc3091b2440b90a1d8686f&apos;, time: &apos;2015-02-27 09:10:26&apos;
System info: host: &apos;dell-PC&apos;, ip: &apos;192.168.1.32&apos;, os.name: &apos;Windows 7&apos;, os.arch: &apos;amd64&apos;, os.version: &apos;6.1&apos;, java.version: &apos;1.8.0_45&apos;
Driver info: driver.version: RemoteWebDriver" type="org.openqa.selenium.remote.UnreachableBrowserException">org.openqa.selenium.remote.UnreachableBrowserException: Error communicating with the remote browser. It may have died.
Build info: version: &apos;2.45.0&apos;, revision: &apos;5017cb8e7ca8e37638dc3091b2440b90a1d8686f&apos;, time: &apos;2015-02-27 09:10:26&apos;
System info: host: &apos;dell-PC&apos;, ip: &apos;192.168.1.32&apos;, os.name: &apos;Windows 7&apos;, os.arch: &apos;amd64&apos;, os.version: &apos;6.1&apos;, java.version: &apos;1.8.0_45&apos;
Driver info: driver.version: RemoteWebDriver
	at org.openqa.selenium.remote.RemoteWebDriver.execute(RemoteWebDriver.java:593)
	at org.openqa.selenium.remote.RemoteWebDriver.execute(RemoteWebDriver.java:622)
	at org.openqa.selenium.remote.RemoteWebDriver.quit(RemoteWebDriver.java:468)
	at ro.sapientia.mesteri2015.test.SCRUMSprintUpdateStepDefinition.closeBrowser(SCRUMSprintUpdateStepDefinition.java:67)
	at sun.reflect.NativeMethodAccessorImpl.invoke0(Native Method)
	at sun.reflect.NativeMethodAccessorImpl.invoke(NativeMethodAccessorImpl.java:62)
	at sun.reflect.DelegatingMethodAccessorImpl.invoke(DelegatingMethodAccessorImpl.java:43)
	at java.lang.reflect.Method.invoke(Method.java:497)
	at cucumber.runtime.Utils$1.call(Utils.java:44)
	at cucumber.runtime.Timeout.timeout(Timeout.java:12)
	at cucumber.runtime.Utils.invoke(Utils.java:40)
	at cucumber.runtime.java.JavaHookDefinition.execute(JavaHookDefinition.java:59)
	at cucumber.runtime.Runtime.runHookIfTagsMatch(Runtime.java:194)
	at cucumber.runtime.Runtime.runHooks(Runtime.java:185)
	at cucumber.runtime.Runtime.runAfterHooks(Runtime.java:179)
	at cucumber.runtime.model.CucumberScenario.run(CucumberScenario.java:38)
	at cucumber.runtime.junit.ExecutionUnitRunner.run(ExecutionUnitRunner.java:83)
	at cucumber.runtime.junit.FeatureRunner.runChild(FeatureRunner.java:63)
	at cucumber.runtime.junit.FeatureRunner.runChild(FeatureRunner.java:18)
	at org.junit.runners.ParentRunner$3.run(ParentRunner.java:238)
	at org.junit.runners.ParentRunner$1.schedule(ParentRunner.java:63)
	at org.junit.runners.ParentRunner.runChildren(ParentRunner.java:236)
	at org.junit.runners.ParentRunner.access$000(ParentRunner.java:53)
	at org.junit.runners.ParentRunner$2.evaluate(ParentRunner.java:229)
	at org.junit.runners.ParentRunner.run(ParentRunner.java:309)
	at cucumber.runtime.junit.FeatureRunner.run(FeatureRunner.java:70)
	at cucumber.api.junit.Cucumber.runChild(Cucumber.java:77)
	at cucumber.api.junit.Cucumber.runChild(Cucumber.java:37)
	at org.junit.runners.ParentRunner$3.run(ParentRunner.java:238)
	at org.junit.runners.ParentRunner$1.schedule(ParentRunner.java:63)
	at org.junit.runners.ParentRunner.runChildren(ParentRunner.java:236)
	at org.junit.runners.ParentRunner.access$000(ParentRunner.java:53)
	at org.junit.runners.ParentRunner$2.evaluate(ParentRunner.java:229)
	at org.junit.runners.ParentRunner.run(ParentRunner.java:309)
	at cucumber.api.junit.Cucumber.run(Cucumber.java:82)
	at org.apache.maven.surefire.junit4.JUnit4Provider.execute(JUnit4Provider.java:252)
	at org.apache.maven.surefire.junit4.JUnit4Provider.executeTestSet(JUnit4Provider.java:141)
	at org.apache.maven.surefire.junit4.JUnit4Provider.invoke(JUnit4Provider.java:112)
	at sun.reflect.NativeMethodAccessorImpl.invoke0(Native Method)
	at sun.reflect.NativeMethodAccessorImpl.invoke(NativeMethodAccessorImpl.java:62)
	at sun.reflect.DelegatingMethodAccessorImpl.invoke(DelegatingMethodAccessorImpl.java:43)
	at java.lang.reflect.Method.invoke(Method.java:497)
	at org.apache.maven.surefire.util.ReflectionUtils.invokeMethodWithArray(ReflectionUtils.java:189)
	at org.apache.maven.surefire.booter.ProviderFactory$ProviderProxy.invoke(ProviderFactory.java:165)
	at org.apache.maven.surefire.booter.ProviderFactory.invokeProvider(ProviderFactory.java:85)
	at org.apache.maven.surefire.booter.ForkedBooter.runSuitesInProcess(ForkedBooter.java:115)
	at org.apache.maven.surefire.booter.ForkedBooter.main(ForkedBooter.java:75)
Caused by: org.apache.http.conn.HttpHostConnectException: Connect to 127.0.0.1:7057 [/127.0.0.1] failed: Connection refused: connect
	at org.apache.http.impl.conn.HttpClientConnectionOperator.connect(HttpClientConnectionOperator.java:142)
	at org.apache.http.impl.conn.PoolingHttpClientConnectionManager.connect(PoolingHttpClientConnectionManager.java:319)
	at org.apache.http.impl.execchain.MainClientExec.establishRoute(MainClientExec.java:363)
	at org.apache.http.impl.execchain.MainClientExec.execute(MainClientExec.java:219)
	at org.apache.http.impl.execchain.ProtocolExec.execute(ProtocolExec.java:195)
	at org.apache.http.impl.execchain.RetryExec.execute(RetryExec.java:86)
	at org.apache.http.impl.execchain.RedirectExec.execute(RedirectExec.java:108)
	at org.apache.http.impl.client.InternalHttpClient.doExecute(InternalHttpClient.java:184)
	at org.apache.http.impl.client.CloseableHttpClient.execute(CloseableHttpClient.java:72)
	at org.apache.http.impl.client.CloseableHttpClient.execute(CloseableHttpClient.java:57)
	at org.openqa.selenium.remote.internal.ApacheHttpClient.fallBackExecute(ApacheHttpClient.java:126)
	at org.openqa.selenium.remote.internal.ApacheHttpClient.execute(ApacheHttpClient.java:72)
	at org.openqa.selenium.remote.HttpCommandExecutor.execute(HttpCommandExecutor.java:133)
	at org.openqa.selenium.firefox.internal.NewProfileExtensionConnection.execute(NewProfileExtensionConnection.java:165)
	at org.openqa.selenium.firefox.FirefoxDriver$LazyCommandExecutor.execute(FirefoxDriver.java:362)
	at org.openqa.selenium.remote.RemoteWebDriver.execute(RemoteWebDriver.java:572)
	... 46 more
Caused by: java.net.ConnectException: Connection refused: connect
	at java.net.DualStackPlainSocketImpl.waitForConnect(Native Method)
	at java.net.DualStackPlainSocketImpl.socketConnect(DualStackPlainSocketImpl.java:85)
	at java.net.AbstractPlainSocketImpl.doConnect(AbstractPlainSocketImpl.java:345)
	at java.net.AbstractPlainSocketImpl.connectToAddress(AbstractPlainSocketImpl.java:206)
	at java.net.AbstractPlainSocketImpl.connect(AbstractPlainSocketImpl.java:188)
	at java.net.PlainSocketImpl.connect(PlainSocketImpl.java:172)
	at java.net.SocksSocketImpl.connect(SocksSocketImpl.java:392)
	at java.net.Socket.connect(Socket.java:589)
	at org.apache.http.conn.socket.PlainConnectionSocketFactory.connectSocket(PlainConnectionSocketFactory.java:72)
	at org.apache.http.impl.conn.HttpClientConnectionOperator.connect(HttpClientConnectionOperator.java:125)
	... 61 more
</error>
  </testcase>
  <testcase classname="Scenario: Title1" name="Given I open the scrum tool add page" time="0"/>
  <testcase classname="Scenario: Title1" name="When I enter &quot;title1&quot; in  the title textbox and I push the add button" time="0"/>
  <testcase classname="Scenario: Title1" name="Then I should get result &quot;title1&quot; in stories list" time="0"/>
  <testcase classname="Scenario: Title1" name="Scenario: Title1" time="5.466"/>
</testsuite>